<?xml version="1.0" encoding="UTF-8"?>
<!-- Generated by org.testng.reporters.JUnitReportReporter -->
<testsuite hostname="DESKTOP-I4J4Q23" failures="0" tests="1" name="com.rmgyantra.HamcrestValidation.HamcrestValidationTest" time="4.835" errors="0" timestamp="2021-12-11T00:18:21 IST" skipped="0">
  <testcase classname="com.rmgyantra.HamcrestValidation.HamcrestValidationTest" name="hamcrestValidation" time="4.835"/>
  <system-out/>
</testsuite> <!-- com.rmgyantra.HamcrestValidation.HamcrestValidationTest -->
