<?xml version="1.0" encoding="UTF-8"?>
<!-- Generated by org.testng.reporters.JUnitReportReporter -->
<testsuite hostname="DESKTOP-I4J4Q23" failures="0" tests="1" name="com.rmgyantra.RequestChaining.RequestChainingTest" time="6.034" errors="0" timestamp="2021-12-11T00:45:17 IST" skipped="0">
  <testcase classname="com.rmgyantra.RequestChaining.RequestChainingTest" name="requestChaining" time="6.034"/>
  <system-out/>
</testsuite> <!-- com.rmgyantra.RequestChaining.RequestChainingTest -->
