<?xml version="1.0" encoding="UTF-8"?>
<!-- Generated by org.testng.reporters.JUnitReportReporter -->
<testsuite hostname="DESKTOP-I4J4Q23" failures="0" tests="1" name="CRUD_Operation_Without_BDD.CreateProjectTest" time="6.443" errors="0" timestamp="2021-12-08T15:20:28 IST" skipped="0">
  <testcase classname="CRUD_Operation_Without_BDD.CreateProjectTest" name="createProject" time="6.443"/>
  <system-out/>
</testsuite> <!-- CRUD_Operation_Without_BDD.CreateProjectTest -->
