<?xml version="1.0" encoding="UTF-8"?>
<!-- Generated by org.testng.reporters.JUnitReportReporter -->
<testsuite hostname="DESKTOP-I4J4Q23" failures="0" tests="1" name="com.rmgyantra.Authentication.Oauth2Test" time="6.063" errors="0" timestamp="2021-12-13T15:49:05 IST" skipped="0">
  <testcase classname="com.rmgyantra.Authentication.Oauth2Test" name="oauth" time="6.063"/>
  <system-out/>
</testsuite> <!-- com.rmgyantra.Authentication.Oauth2Test -->
