<?xml version="1.0" encoding="UTF-8"?>
<!-- Generated by org.testng.reporters.JUnitReportReporter -->
<testsuite hostname="DESKTOP-I4J4Q23" failures="0" tests="1" name="com.rmgyantra.ResponseValidation.StaticResponseValidationTest" time="11.425" errors="0" timestamp="2021-12-10T23:45:09 IST" skipped="0">
  <testcase classname="com.rmgyantra.ResponseValidation.StaticResponseValidationTest" name="staticResponseValidation" time="11.425"/>
  <system-out/>
</testsuite> <!-- com.rmgyantra.ResponseValidation.StaticResponseValidationTest -->
