<?xml version="1.0" encoding="UTF-8"?>
<!-- Generated by org.testng.reporters.JUnitReportReporter -->
<testsuite hostname="DESKTOP-I4J4Q23" failures="0" tests="1" name="com.rmgyantra.ResponseValidation.DynamicResponseValidationTest" time="4.809" errors="0" timestamp="2021-12-10T23:53:03 IST" skipped="0">
  <testcase classname="com.rmgyantra.ResponseValidation.DynamicResponseValidationTest" name="dynamicResponseValidation" time="4.809"/>
  <system-out/>
</testsuite> <!-- com.rmgyantra.ResponseValidation.DynamicResponseValidationTest -->
