<?xml version="1.0" encoding="UTF-8"?>
<!-- Generated by org.testng.reporters.JUnitReportReporter -->
<testsuite hostname="DESKTOP-I4J4Q23" failures="0" tests="1" name="CRUD_Operation_Without_BDD.GetAllProjects" time="4.156" errors="0" timestamp="2021-12-07T16:30:46 IST" skipped="0">
  <testcase classname="CRUD_Operation_Without_BDD.GetAllProjects" name="getAllProjects" time="4.156"/>
  <system-out/>
</testsuite> <!-- CRUD_Operation_Without_BDD.GetAllProjects -->
