<?xml version="1.0" encoding="UTF-8"?>
<!-- Generated by org.testng.reporters.JUnitReportReporter -->
<testsuite hostname="DESKTOP-I4J4Q23" failures="0" tests="1" name="CRUD_Operation_Without_BDD.DeleteProjectTest" time="3.696" errors="0" timestamp="2021-12-07T17:05:37 IST" skipped="0">
  <testcase classname="CRUD_Operation_Without_BDD.DeleteProjectTest" name="deleteProjectTest" time="3.696"/>
  <system-out/>
</testsuite> <!-- CRUD_Operation_Without_BDD.DeleteProjectTest -->
