<?xml version="1.0" encoding="UTF-8"?>
<!-- Generated by org.testng.reporters.JUnitReportReporter -->
<testsuite hostname="DESKTOP-I4J4Q23" failures="0" tests="1" name="com.rmgyantra.Authentication.BearierTokenTest" time="17.576" errors="0" timestamp="2021-12-11T00:31:16 IST" skipped="0">
  <testcase classname="com.rmgyantra.Authentication.BearierTokenTest" name="bearierToken" time="17.576"/>
  <system-out/>
</testsuite> <!-- com.rmgyantra.Authentication.BearierTokenTest -->
