<?xml version="1.0" encoding="UTF-8"?>
<!-- Generated by org.testng.reporters.JUnitReportReporter -->
<testsuite hostname="DESKTOP-I4J4Q23" failures="0" tests="1" name="com.rmgyantra.EndToEndScenario.EndToEndScenarioTest" time="4.881" errors="0" timestamp="2021-12-11T13:59:38 IST" skipped="0">
  <testcase classname="com.rmgyantra.EndToEndScenario.EndToEndScenarioTest" name="createProect" time="4.881"/>
  <system-out/>
</testsuite> <!-- com.rmgyantra.EndToEndScenario.EndToEndScenarioTest -->
