<?xml version="1.0" encoding="UTF-8"?>
<!-- Generated by org.testng.reporters.JUnitReportReporter -->
<testsuite hostname="DESKTOP-I4J4Q23" failures="0" tests="1" name="com.rmgyantra.Different_Ways_To_Post.CreateUsingPojoClass" time="4.074" errors="0" timestamp="2021-12-08T18:03:27 IST" skipped="0">
  <testcase classname="com.rmgyantra.Different_Ways_To_Post.CreateUsingPojoClass" name="postByPojoClass" time="4.074"/>
  <system-out/>
</testsuite> <!-- com.rmgyantra.Different_Ways_To_Post.CreateUsingPojoClass -->
