<?xml version="1.0" encoding="UTF-8"?>
<!-- Generated by org.testng.reporters.JUnitReportReporter -->
<testsuite hostname="DESKTOP-I4J4Q23" failures="0" tests="1" name="com.rmgyantra.CRUD_Operation_With_BDD.GetAllProjectsTest" time="3.944" errors="0" timestamp="2021-12-08T15:57:10 IST" skipped="0">
  <testcase classname="com.rmgyantra.CRUD_Operation_With_BDD.GetAllProjectsTest" name="getProjects" time="3.944"/>
  <system-out/>
</testsuite> <!-- com.rmgyantra.CRUD_Operation_With_BDD.GetAllProjectsTest -->
