<?xml version="1.0" encoding="UTF-8"?>
<!-- Generated by org.testng.reporters.JUnitReportReporter -->
<testsuite hostname="DESKTOP-I4J4Q23" failures="0" tests="1" name="com.rmgyantra.Parameter.PathParameterTest" time="3.482" errors="0" timestamp="2021-12-11T12:58:29 IST" skipped="0">
  <testcase classname="com.rmgyantra.Parameter.PathParameterTest" name="pathParameter" time="3.482"/>
  <system-out/>
</testsuite> <!-- com.rmgyantra.Parameter.PathParameterTest -->
