<?xml version="1.0" encoding="UTF-8"?>
<!-- Generated by org.testng.reporters.JUnitReportReporter -->
<testsuite hostname="DESKTOP-I4J4Q23" failures="0" tests="1" name="com.rmgyantra.Parameter.QueryParameterTest" time="4.135" errors="0" timestamp="2021-12-11T13:01:37 IST" skipped="0">
  <testcase classname="com.rmgyantra.Parameter.QueryParameterTest" name="queryParameter" time="4.135"/>
  <system-out/>
</testsuite> <!-- com.rmgyantra.Parameter.QueryParameterTest -->
