<?xml version="1.0" encoding="UTF-8"?>
<!-- Generated by org.testng.reporters.JUnitReportReporter -->
<testsuite hostname="DESKTOP-I4J4Q23" failures="0" tests="1" name="com.rmgyantra.CRUD_Operation_With_BDD.CreateProjectTest" time="4.058" errors="0" timestamp="2021-12-08T16:07:57 IST" skipped="0">
  <testcase classname="com.rmgyantra.CRUD_Operation_With_BDD.CreateProjectTest" name="createProject" time="4.058"/>
  <system-out/>
</testsuite> <!-- com.rmgyantra.CRUD_Operation_With_BDD.CreateProjectTest -->
