<?xml version="1.0" encoding="UTF-8"?>
<!-- Generated by org.testng.reporters.JUnitReportReporter -->
<testsuite hostname="DESKTOP-I4J4Q23" failures="0" tests="1" name="CRUD_Operation_Without_BDD.UpdateProjectTest" time="4.173" errors="0" timestamp="2021-12-08T15:23:51 IST" skipped="0">
  <testcase classname="CRUD_Operation_Without_BDD.UpdateProjectTest" name="updateProjectWithPut" time="4.173"/>
  <system-out/>
</testsuite> <!-- CRUD_Operation_Without_BDD.UpdateProjectTest -->
