<?xml version="1.0" encoding="UTF-8"?>
<!-- Generated by org.testng.reporters.JUnitReportReporter -->
<testsuite hostname="DESKTOP-I4J4Q23" failures="0" tests="1" name="com.rmgyantra.Parameter.GithubParameterTest" time="5.344" errors="0" timestamp="2021-12-11T00:08:47 IST" skipped="0">
  <testcase classname="com.rmgyantra.Parameter.GithubParameterTest" name="githubParameter" time="5.344"/>
  <system-out/>
</testsuite> <!-- com.rmgyantra.Parameter.GithubParameterTest -->
