<?xml version="1.0" encoding="UTF-8"?>
<!-- Generated by org.testng.reporters.JUnitReportReporter -->
<testsuite hostname="DESKTOP-I4J4Q23" failures="0" tests="1" name="com.rmgyantra.Authentication.BasicAuthTest" time="3.506" errors="0" timestamp="2021-12-11T12:52:31 IST" skipped="0">
  <testcase classname="com.rmgyantra.Authentication.BasicAuthTest" name="basicAuth" time="3.506"/>
  <system-out/>
</testsuite> <!-- com.rmgyantra.Authentication.BasicAuthTest -->
