<?xml version="1.0" encoding="UTF-8"?>
<!-- Generated by org.testng.reporters.JUnitReportReporter -->
<testsuite hostname="DESKTOP-I4J4Q23" failures="0" tests="1" name="com.rmgyantra.CRUD_Operation_With_BDD.UpdateProjectTest" time="4.059" errors="0" timestamp="2021-12-08T16:16:49 IST" skipped="0">
  <testcase classname="com.rmgyantra.CRUD_Operation_With_BDD.UpdateProjectTest" name="updateProject" time="4.059"/>
  <system-out/>
</testsuite> <!-- com.rmgyantra.CRUD_Operation_With_BDD.UpdateProjectTest -->
