<?xml version="1.0" encoding="UTF-8"?>
<!-- Generated by org.testng.reporters.JUnitReportReporter -->
<testsuite hostname="DESKTOP-I4J4Q23" failures="0" tests="1" name="com.rmgyantra.Different_Ways_To_Post.CreateUsingJsonFile" time="3.691" errors="0" timestamp="2021-12-08T17:20:45 IST" skipped="0">
  <testcase classname="com.rmgyantra.Different_Ways_To_Post.CreateUsingJsonFile" name="postByJsonFile" time="3.691"/>
  <system-out/>
</testsuite> <!-- com.rmgyantra.Different_Ways_To_Post.CreateUsingJsonFile -->
