<?xml version="1.0" encoding="UTF-8"?>
<!-- Generated by org.testng.reporters.JUnitReportReporter -->
<testsuite hostname="DESKTOP-I4J4Q23" failures="0" tests="2" name="com.rmgyantra.Authentication.PreemptiveAndDigestiveAuthTest" time="3.914" errors="0" timestamp="2021-12-11T12:51:58 IST" skipped="0">
  <testcase classname="com.rmgyantra.Authentication.PreemptiveAndDigestiveAuthTest" name="preemptiveAuth" time="0.203"/>
  <system-out/>
  <testcase classname="com.rmgyantra.Authentication.PreemptiveAndDigestiveAuthTest" name="digestiveAuth" time="3.711"/>
  <system-out/>
</testsuite> <!-- com.rmgyantra.Authentication.PreemptiveAndDigestiveAuthTest -->
